<?xml version="1.0" encoding="UTF-8"?>
<!-- Generated by org.testng.reporters.JUnitReportReporter -->
<testsuite hostname="Sabby-Laps" failures="0" tests="3" name="executePageClasses.ManageExpensePageTestClass" time="22.407" errors="0" timestamp="2023-07-05T21:01:04 IST" skipped="0">
  <testcase classname="executePageClasses.ManageExpensePageTestClass" name="verifyToCreateNewManageExpense" time="9.858"/>
  <system-out/>
  <testcase classname="executePageClasses.ManageExpensePageTestClass" name="verifyToSearchCreatedManageExpense" time="7.400"/>
  <system-out/>
  <testcase classname="executePageClasses.ManageExpensePageTestClass" name="verifyManageExpensePageIsDisplayedOrNot" time="5.149"/>
  <system-out/>
</testsuite> <!-- executePageClasses.ManageExpensePageTestClass -->
