<?xml version="1.0" encoding="UTF-8"?>
<!-- Generated by org.testng.reporters.JUnitReportReporter -->
<testsuite hostname="Sabby-Laps" failures="0" tests="1" name="executePageClasses.HomePageTestClass" time="4.698" errors="0" timestamp="2023-06-23T12:26:00 IST" skipped="0">
  <testcase classname="executePageClasses.HomePageTestClass" name="verifyAllTilesAreDisplayedOrNotInHomePage" time="4.698"/>
  <system-out/>
</testsuite> <!-- executePageClasses.HomePageTestClass -->
