<?xml version="1.0" encoding="UTF-8"?>
<!-- Generated by org.testng.reporters.JUnitReportReporter -->
<testsuite hostname="Sabby-Laps" failures="0" tests="3" name="executePageClasses.ManageExpensePageTestClass" time="46.784" errors="0" timestamp="2023-07-12T11:32:20 IST" skipped="0">
  <testcase classname="executePageClasses.ManageExpensePageTestClass" name="verifyToCreateNewManageExpense" time="22.760"/>
  <system-out/>
  <testcase classname="executePageClasses.ManageExpensePageTestClass" name="verifyToSearchCreatedManageExpense" time="11.903"/>
  <system-out/>
  <testcase classname="executePageClasses.ManageExpensePageTestClass" name="verifyManageExpensePageIsDisplayedOrNot" time="12.121"/>
  <system-out/>
</testsuite> <!-- executePageClasses.ManageExpensePageTestClass -->
