<?xml version="1.0" encoding="UTF-8"?>
<!-- Generated by org.testng.reporters.JUnitReportReporter -->
<testsuite hostname="Sabby-Laps" failures="0" tests="1" name="executePageClasses.ExpenseCategoryTestClass" time="6.452" errors="0" timestamp="2023-06-23T13:14:27 IST" skipped="0">
  <testcase classname="executePageClasses.ExpenseCategoryTestClass" name="verifyExpensecategoryPageIsDisplayedOrNot" time="6.452"/>
  <system-out/>
</testsuite> <!-- executePageClasses.ExpenseCategoryTestClass -->
