<?xml version="1.0" encoding="UTF-8"?>
<!-- Generated by org.testng.reporters.JUnitReportReporter -->
<testsuite hostname="Sabby-Laps" failures="0" tests="2" name="executePageClasses.ManageProductPageTestClass" time="12.637" errors="0" timestamp="2023-07-06T13:01:23 IST" skipped="0">
  <testcase classname="executePageClasses.ManageProductPageTestClass" name="verifyToSearchAProductInManageProductPage" time="6.279"/>
  <system-out/>
  <testcase classname="executePageClasses.ManageProductPageTestClass" name="verifyToSearchAProductInManageProductPage" time="6.358"/>
  <system-out/>
</testsuite> <!-- executePageClasses.ManageProductPageTestClass -->
