<?xml version="1.0" encoding="UTF-8"?>
<!-- Generated by org.testng.reporters.JUnitReportReporter -->
<testsuite hostname="Sabby-Laps" failures="0" tests="3" name="executePageClasses.LoginPageTestClass" time="9.803" errors="0" timestamp="2023-06-26T11:33:19 IST" skipped="0">
  <testcase classname="executePageClasses.LoginPageTestClass" name="verifyUnSuccessfulLogin" time="3.010"/>
  <system-out/>
  <testcase classname="executePageClasses.LoginPageTestClass" name="verifyUnSuccessfulLogin" time="3.647"/>
  <system-out/>
  <testcase classname="executePageClasses.LoginPageTestClass" name="verifyUnSuccessfulLogin" time="3.146"/>
  <system-out/>
</testsuite> <!-- executePageClasses.LoginPageTestClass -->
