<?xml version="1.0" encoding="UTF-8"?>
<!-- Generated by org.testng.reporters.JUnitReportReporter -->
<testsuite hostname="Sabby-Laps" failures="0" tests="1" name="executePageClasses.ManageExpensePageTestClass" time="14.457" errors="0" timestamp="2023-06-26T12:25:14 IST" skipped="0">
  <testcase classname="executePageClasses.ManageExpensePageTestClass" name="verifyToCreateNewManageExpense" time="14.457"/>
  <system-out/>
</testsuite> <!-- executePageClasses.ManageExpensePageTestClass -->
