<?xml version="1.0" encoding="UTF-8"?>
<!-- Generated by org.testng.reporters.JUnitReportReporter -->
<testsuite hostname="Sabby-Laps" failures="0" tests="1" name="executePageClasses.ExpenseCategoryPageTestClass" time="15.710" errors="0" timestamp="2023-06-24T21:16:27 IST" skipped="0">
  <testcase classname="executePageClasses.ExpenseCategoryPageTestClass" name="verifyToDeleteCreatedExpenseinExpensecategoryPage" time="15.710"/>
  <system-out/>
</testsuite> <!-- executePageClasses.ExpenseCategoryPageTestClass -->
