<?xml version="1.0" encoding="UTF-8"?>
<!-- Generated by org.testng.reporters.JUnitReportReporter -->
<testsuite hostname="Sabby-Laps" failures="0" tests="4" name="executePageClasses.ExpenseCategoryPageTestClass" time="26.948" errors="0" timestamp="2023-07-06T13:13:00 IST" skipped="0">
  <testcase classname="executePageClasses.ExpenseCategoryPageTestClass" name="verifyExpensecategoryPageIsDisplayedOrNot" time="5.953"/>
  <system-out/>
  <testcase classname="executePageClasses.ExpenseCategoryPageTestClass" name="verifyToCreateNewExpenseinExpensecategoryPage" time="8.052"/>
  <system-out/>
  <testcase classname="executePageClasses.ExpenseCategoryPageTestClass" name="verifyToSearchCreatedExpenseinExpensecategoryPage" time="6.030"/>
  <system-out/>
  <testcase classname="executePageClasses.ExpenseCategoryPageTestClass" name="verifyToDeleteCreatedExpenseinExpensecategoryPage" time="6.913"/>
  <system-out/>
</testsuite> <!-- executePageClasses.ExpenseCategoryPageTestClass -->
