<?xml version="1.0" encoding="UTF-8"?>
<!-- Generated by org.testng.reporters.JUnitReportReporter -->
<testsuite hostname="Sabby-Laps" failures="0" tests="2" name="executePageClasses.ManageProductPageTestClass" time="9.943" errors="0" timestamp="2023-07-05T20:53:45 IST" skipped="0">
  <testcase classname="executePageClasses.ManageProductPageTestClass" name="verifyToSearchAProductInManageProductPage" time="5.086"/>
  <system-out/>
  <testcase classname="executePageClasses.ManageProductPageTestClass" name="verifyToSearchAProductInManageProductPage" time="4.857"/>
  <system-out/>
</testsuite> <!-- executePageClasses.ManageProductPageTestClass -->
