<?xml version="1.0" encoding="UTF-8"?>
<!-- Generated by org.testng.reporters.JUnitReportReporter -->
<testsuite hostname="Sabby-Laps" failures="0" tests="1" name="executePageClasses.ManageProductPageTestClass" time="6.221" errors="0" timestamp="2023-06-25T02:35:01 IST" skipped="0">
  <testcase classname="executePageClasses.ManageProductPageTestClass" name="verifyToSearchAProductInManageProductPage" time="6.221"/>
  <system-out/>
</testsuite> <!-- executePageClasses.ManageProductPageTestClass -->
