<?xml version="1.0" encoding="UTF-8"?>
<!-- Generated by org.testng.reporters.JUnitReportReporter -->
<testsuite hostname="Sabby-Laps" failures="0" tests="1" name="executePageClasses.HomePageTestClass" time="9.070" errors="0" timestamp="2023-07-12T09:37:03 IST" skipped="0">
  <testcase classname="executePageClasses.HomePageTestClass" name="verifyAllTilesAreDisplayedOrNotInHomePage" time="9.070"/>
  <system-out/>
</testsuite> <!-- executePageClasses.HomePageTestClass -->
