<?xml version="1.0" encoding="UTF-8"?>
<!-- Generated by org.testng.reporters.JUnitReportReporter -->
<testsuite hostname="Sabby-Laps" failures="0" tests="10" name="executePageClasses.LoginPageTestClass" time="29.920" errors="0" timestamp="2023-07-05T20:53:45 IST" skipped="0">
  <testcase classname="executePageClasses.LoginPageTestClass" name="verifyUnSuccessfulLogin" time="3.766"/>
  <system-out/>
  <testcase classname="executePageClasses.LoginPageTestClass" name="verifyUnSuccessfulLogin" time="3.017"/>
  <system-out/>
  <testcase classname="executePageClasses.LoginPageTestClass" name="verifyUnSuccessfulLogin" time="2.969"/>
  <system-out/>
  <testcase classname="executePageClasses.LoginPageTestClass" name="verifyUnSuccessfulLogin" time="2.803"/>
  <system-out/>
  <testcase classname="executePageClasses.LoginPageTestClass" name="verifyUnSuccessfulLogin" time="3.036"/>
  <system-out/>
  <testcase classname="executePageClasses.LoginPageTestClass" name="verifyUnSuccessfulLogin" time="3.013"/>
  <system-out/>
  <testcase classname="executePageClasses.LoginPageTestClass" name="verifySuccessfulLogin" time="3.408"/>
  <system-out/>
  <testcase classname="executePageClasses.LoginPageTestClass" name="verifySuccessfulLogin" time="3.390"/>
  <system-out/>
  <testcase classname="executePageClasses.LoginPageTestClass" name="verifyRememberMeCheckBoxIsSelectedByDefaultOrNot" time="2.356"/>
  <system-out/>
  <testcase classname="executePageClasses.LoginPageTestClass" name="verifyRememberMeCheckBoxIsSelectedByDefaultOrNot" time="2.162"/>
  <system-out/>
</testsuite> <!-- executePageClasses.LoginPageTestClass -->
