<?xml version="1.0" encoding="UTF-8"?>
<!-- Generated by org.testng.reporters.JUnitReportReporter -->
<testsuite hostname="Sabby-Laps" failures="0" tests="3" name="executePageClasses.ExpenseCategoryPageTestClass" time="15.252" errors="0" timestamp="2023-07-05T21:01:04 IST" skipped="0">
  <testcase classname="executePageClasses.ExpenseCategoryPageTestClass" name="verifyExpensecategoryPageIsDisplayedOrNot" time="4.214"/>
  <system-out/>
  <testcase classname="executePageClasses.ExpenseCategoryPageTestClass" name="verifyToCreateNewExpenseinExpensecategoryPage" time="6.313"/>
  <system-out/>
  <testcase classname="executePageClasses.ExpenseCategoryPageTestClass" name="verifyToSearchCreatedExpenseinExpensecategoryPage" time="4.725"/>
  <system-out/>
</testsuite> <!-- executePageClasses.ExpenseCategoryPageTestClass -->
