<?xml version="1.0" encoding="UTF-8"?>
<!-- Generated by org.testng.reporters.JUnitReportReporter -->
<testsuite hostname="Sabby-Laps" failures="0" tests="3" name="executePageClasses.ManageExpensePageTestClass" time="26.553" errors="0" timestamp="2023-07-06T13:13:00 IST" skipped="0">
  <testcase classname="executePageClasses.ManageExpensePageTestClass" name="verifyToSearchCreatedManageExpense" time="8.421"/>
  <system-out/>
  <testcase classname="executePageClasses.ManageExpensePageTestClass" name="verifyToCreateNewManageExpense" time="11.016"/>
  <system-out/>
  <testcase classname="executePageClasses.ManageExpensePageTestClass" name="verifyManageExpensePageIsDisplayedOrNot" time="7.116"/>
  <system-out/>
</testsuite> <!-- executePageClasses.ManageExpensePageTestClass -->
